<?xml version="1.0" encoding="UTF-8"?>
<testng-results ignored="0" total="1" passed="1" failed="0" skipped="0">
  <reporter-output>
  </reporter-output>
  <suite started-at="2025-01-06T15:28:26 GMT" name="Default suite" finished-at="2025-01-06T15:28:31 GMT" duration-ms="5786">
    <groups>
    </groups>
    <test started-at="2025-01-06T15:28:26 GMT" name="Default test" finished-at="2025-01-06T15:28:31 GMT" duration-ms="5786">
      <class name="com.alokai.tests.ShoppingTest">
        <test-method is-config="true" signature="openBrowserUrl()[pri:0, instance:com.alokai.tests.ShoppingTest@3e27aa33]" started-at="2025-01-06T15:28:17 GMT" name="openBrowserUrl" finished-at="2025-01-06T15:28:26 GMT" duration-ms="8428" status="PASS">
          <reporter-output>
          </reporter-output>
        </test-method> <!-- openBrowserUrl -->
        <test-method signature="RegisterTest()[pri:0, instance:com.alokai.tests.ShoppingTest@3e27aa33]" started-at="2025-01-06T15:28:26 GMT" name="RegisterTest" finished-at="2025-01-06T15:28:31 GMT" duration-ms="5713" status="PASS">
          <reporter-output>
          </reporter-output>
        </test-method> <!-- RegisterTest -->
        <test-method is-config="true" signature="closeBrowserUrl()[pri:0, instance:com.alokai.tests.ShoppingTest@3e27aa33]" started-at="2025-01-06T15:28:32 GMT" name="closeBrowserUrl" finished-at="2025-01-06T15:28:33 GMT" duration-ms="1286" status="PASS">
          <reporter-output>
          </reporter-output>
        </test-method> <!-- closeBrowserUrl -->
      </class> <!-- com.alokai.tests.ShoppingTest -->
    </test> <!-- Default test -->
  </suite> <!-- Default suite -->
</testng-results>
